BJ_JCL_001 *** BJ_JCL 開始  ***:(jcl\MVS_OUTF2_001.jcl)
BJ_JCL_007 00009:\BJ_FLCNV
BJ_JCL_004 STEP=000001----22年03月23日 : 13時30分52.96秒     開始
BJ_FUTIL_001 FUTIL正常終了
BJ_JCL_005 ---------------22年03月23日 : 13時30分53.24秒 正常終了 [00:00:00.28]
BJ_JCL_007 00014:\PR_FSEQ_40
BJ_JCL_004 STEP=000002----22年03月23日 : 13時30分53.27秒     開始
BJ_JCL_005 ---------------22年03月23日 : 13時30分53.33秒 正常終了 [00:00:00.06]
BJ_JCL_007 00018:\QUCOMP
BJ_JCL_004 STEP=000003----22年03月23日 : 13時30分53.33秒     開始
OK!!!
BJ_JCL_005 ---------------22年03月23日 : 13時30分53.46秒 正常終了 [00:00:00.13]
BJ_JCL_007 00023:\PR_FSEQ_40
BJ_JCL_004 STEP=000004----22年03月23日 : 13時30分53.46秒     開始
BJ_JCL_005 ---------------22年03月23日 : 13時30分53.47秒 正常終了 [00:00:00.01]
BJ_JCL_007 00027:\QUCOMP
BJ_JCL_004 STEP=000005----22年03月23日 : 13時30分53.47秒     開始
OK!!!
BJ_JCL_005 ---------------22年03月23日 : 13時30分53.49秒 正常終了 [00:00:00.02]
BJ_JCL_002 *** BJ_JCL 終了  ***
BJ_JCL_006 ***** 開始時間   22年03月23日 : 13時30分52.67秒
BJ_JCL_006 ***** 終了時間   22年03月23日 : 13時30分53.49秒        [00:00:00.82]
