BJ_JCL_001 *** BJ_JCL Start ***:(jcl\ISS_KEY1_SUM_B2.jcl)
BJ_JCL_007 00008:\BJ_SORT
BJ_JCL_004 STEP=000001----------22/03/24 : 11:34:31.20          Start
issort Command statement error
BJ_FUTIL_002 FUTIL abnormal finish!
BJ_JCL_005 ---------------------22/03/24 : 11:34:35.29   Normal End [00:00:04.09]
BJ_JCL_007 00013:\PR_FSEQ_40
BJ_JCL_004 STEP=000002----------22/03/24 : 11:34:35.39          Start
BJ_JCL_005 ---------------------22/03/24 : 11:34:35.56   Normal End [00:00:00.17]
BJ_JCL_007 00016:\QUCOMP
BJ_JCL_004 STEP=000003----------22/03/24 : 11:34:35.58          Start
File size unmatch!! size1:314885530818453536/ size2:000000000000000520
Dump-out addr:0000000000000001 : 2020202020202020202020202020202000520
Dump-out addr:0000000000000011 : 2020202020202020202020202020202000520
Dump-out addr:0000000000000021 : 2020202020202020202020202020202000520
Dump-out addr:0000000000000031 : 2020202020202020202020202020202000520
Dump-out addr:0000000000000041 : 2020202020202020202020202020202000520
Dump-out addr:0000000000000051 : 2020202020202020202020202020202000520
Dump-out addr:0000000000000061 : 2020202020202020202020202020202000520
Dump-out addr:0000000000000071 : 2020202020202020202020202020202000520
Dump-out addr:0000000000000081 : 2020202020202020202020202020202000520
Dump-out addr:0000000000000091 : 2020202020202020202020202020202000520
Dump-out addr:00000000000000A1 : 2020202020202020202020202020202000520
Dump-out addr:00000000000000B1 : 2020202020202020202020202020202000520
Dump-out addr:00000000000000C1 : 2020202020202020202020202020202000520
Dump-out addr:00000000000000D1 : 2020202020202020202020202020202000520
Dump-out addr:00000000000000E1 : 2020202020202020202020202020202000520
Dump-out addr:00000000000000F1 : 2020202020202020202020202020202000520
Dump-out addr:0000000000000101 : 2020202020202020202020202020202000520
Dump-out addr:0000000000000111 : 2020202020202020202020202020202000520
Dump-out addr:0000000000000121 : 2020202020202020202020202020202000520
Dump-out addr:0000000000000131 : 2020202020202020202020202020202000520
Dump-out addr:0000000000000141 : 2020202020202020202020202020202000520
Dump-out addr:0000000000000151 : 2020202020202020202020202020202000520
Dump-out addr:0000000000000161 : 2020202020202020202020202020202000520
Dump-out addr:0000000000000171 : 2020202020202020202020202020202000520
Dump-out addr:0000000000000181 : 2020202020202020202020202020202000520
Dump-out addr:0000000000000191 : 2020202020202020202020202020202000520
Dump-out addr:00000000000001A1 : 2020202020202020202020202020202000520
Dump-out addr:00000000000001B1 : 2020202020202020202020202020202000520
Dump-out addr:00000000000001C1 : 2020202020202020202020202020202000520
Dump-out addr:00000000000001D1 : 2020202020202020202020202020202000520
Dump-out addr:00000000000001E1 : 2020202020202020202020202020202000520
Dump-out addr:00000000000001F1 : 2020202020202020202020202020202000520
Dump-out addr:0000000000000201 : 2020202020202020202020202020202000520
NG!! diff-cnt:0000000330000201 : 2020202020202020202020202020202000520
BJ_JCL_005 ---------------------22/03/24 : 11:34:36.33   Normal End [00:00:00.75]
BJ_JCL_002 *** BJ_JCL End   ***
BJ_JCL_006 ***** Started at 22/03/24        : 11:34:30.51
BJ_JCL_006 ***** Ended   at 22/03/24        : 11:34:36.34           [00:00:05.83]
