BJ_JCL_001 *** BJ_JCL Start ***:(jcl\ISS_KEY1_COPY.jcl)
BJ_JCL_007 00007:\BJ_SORT
BJ_JCL_004 STEP=000001----------22/03/24 : 11:32:49.38          Start
issort Command statement error
BJ_FUTIL_002 FUTIL abnormal finish!
BJ_JCL_005 ---------------------22/03/24 : 11:32:53.24   Normal End [00:00:03.86]
BJ_JCL_007 00012:\PR_FSEQ_40
BJ_JCL_004 STEP=000002----------22/03/24 : 11:32:53.33          Start
BJ_JCL_005 ---------------------22/03/24 : 11:32:53.50   Normal End [00:00:00.17]
BJ_JCL_007 00015:\QUCOMP
BJ_JCL_004 STEP=000003----------22/03/24 : 11:32:53.52          Start
File size unmatch!! size1:314885530818453536/ size2:000000000000000800
Dump-out addr:0000000000000001 : 2020202020202020202020202020202000800
Dump-out addr:0000000000000011 : 2020202020202020202020202020202000800
Dump-out addr:0000000000000021 : 2020202020202020202020202020202000800
Dump-out addr:0000000000000031 : 2020202020202020202020202020202000800
Dump-out addr:0000000000000041 : 2020202020202020202020202020202000800
Dump-out addr:0000000000000051 : 2020202020202020202020202020202000800
Dump-out addr:0000000000000061 : 2020202020202020202020202020202000800
Dump-out addr:0000000000000071 : 2020202020202020202020202020202000800
Dump-out addr:0000000000000081 : 2020202020202020202020202020202000800
Dump-out addr:0000000000000091 : 2020202020202020202020202020202000800
Dump-out addr:00000000000000A1 : 2020202020202020202020202020202000800
Dump-out addr:00000000000000B1 : 2020202020202020202020202020202000800
Dump-out addr:00000000000000C1 : 2020202020202020202020202020202000800
Dump-out addr:00000000000000D1 : 2020202020202020202020202020202000800
Dump-out addr:00000000000000E1 : 2020202020202020202020202020202000800
Dump-out addr:00000000000000F1 : 2020202020202020202020202020202000800
Dump-out addr:0000000000000101 : 2020202020202020202020202020202000800
Dump-out addr:0000000000000111 : 2020202020202020202020202020202000800
Dump-out addr:0000000000000121 : 2020202020202020202020202020202000800
Dump-out addr:0000000000000131 : 2020202020202020202020202020202000800
Dump-out addr:0000000000000141 : 2020202020202020202020202020202000800
Dump-out addr:0000000000000151 : 2020202020202020202020202020202000800
Dump-out addr:0000000000000161 : 2020202020202020202020202020202000800
Dump-out addr:0000000000000171 : 2020202020202020202020202020202000800
Dump-out addr:0000000000000181 : 2020202020202020202020202020202000800
Dump-out addr:0000000000000191 : 2020202020202020202020202020202000800
Dump-out addr:00000000000001A1 : 2020202020202020202020202020202000800
Dump-out addr:00000000000001B1 : 2020202020202020202020202020202000800
Dump-out addr:00000000000001C1 : 2020202020202020202020202020202000800
Dump-out addr:00000000000001D1 : 2020202020202020202020202020202000800
Dump-out addr:00000000000001E1 : 2020202020202020202020202020202000800
Dump-out addr:00000000000001F1 : 2020202020202020202020202020202000800
Dump-out addr:0000000000000201 : 2020202020202020202020202020202000800
Dump-out addr:0000000000000211 : 2020202020202020202020202020202000800
Dump-out addr:0000000000000221 : 2020202020202020202020202020202000800
Dump-out addr:0000000000000231 : 2020202020202020202020202020202000800
Dump-out addr:0000000000000241 : 2020202020202020202020202020202000800
Dump-out addr:0000000000000251 : 2020202020202020202020202020202000800
Dump-out addr:0000000000000261 : 2020202020202020202020202020202000800
Dump-out addr:0000000000000271 : 2020202020202020202020202020202000800
Dump-out addr:0000000000000281 : 2020202020202020202020202020202000800
Dump-out addr:0000000000000291 : 2020202020202020202020202020202000800
Dump-out addr:00000000000002A1 : 2020202020202020202020202020202000800
Dump-out addr:00000000000002B1 : 2020202020202020202020202020202000800
Dump-out addr:00000000000002C1 : 2020202020202020202020202020202000800
Dump-out addr:00000000000002D1 : 2020202020202020202020202020202000800
Dump-out addr:00000000000002E1 : 2020202020202020202020202020202000800
Dump-out addr:00000000000002F1 : 2020202020202020202020202020202000800
Dump-out addr:0000000000000301 : 2020202020202020202020202020202000800
Dump-out addr:0000000000000311 : 2020202020202020202020202020202000800
NG!! diff-cnt:0000000500000311 : 2020202020202020202020202020202000800
BJ_JCL_005 ---------------------22/03/24 : 11:32:54.36   Normal End [00:00:00.84]
BJ_JCL_002 *** BJ_JCL End   ***
BJ_JCL_006 ***** Started at 22/03/24        : 11:32:48.71
BJ_JCL_006 ***** Ended   at 22/03/24        : 11:32:54.38           [00:00:05.67]
