BJ_JCL_001 *** BJ_JCL 開始  ***:(jcl\DCL001.jcl)
'Test start'
BJ_JCL_007 00002:>P000
BJ_JCL_007 00007:>P001
a
abcde
123
987
BJ_JCL_007 00012:>P002
BJ_JCL_007 00017:>P003
x
wxyz
456
654
BJ_JCL_007 00022:>P004
'Test end'
BJ_JCL_007 00027:\QUCOMPLOG 0002:0016
BJ_JCL_004 STEP=000001----22年03月11日 : 14時50分48.96秒     開始
chk-line:000000002 - 000000016
OK!!!
BJ_JCL_005 ---------------22年03月11日 : 14時50分50.69秒 正常終了 [00:00:01.73]
BJ_JCL_002 *** BJ_JCL 終了  ***
BJ_JCL_006 ***** 開始時間   22年03月11日 : 14時50分46.93秒
BJ_JCL_006 ***** 終了時間   22年03月11日 : 14時50分50.97秒        [00:00:04.04]
