BJ_JCL_001 *** BJ_JCL 開始  ***:(jcl\DEF001_SUB.jcl)
'Test start'
BJ_JCL_007 00002:>P000
BJ_JCL_007 00007:>P001
 
 
 
 
BJ_JCL_007 00012:>P002
BJ_JCL_007 00017:>P003
x
wxyz
456
654
BJ_JCL_007 00022:>P004
'Test end'
BJ_JCL_007 00027:\QUCOMPLOG 0005:0019
BJ_JCL_004 STEP=000001----22年03月11日 : 14時13分46.15秒     開始
chk-line:000000005 - 000000019
OK!!!
BJ_JCL_005 ---------------22年03月11日 : 14時13分46.33秒 正常終了 [00:00:00.18]
BJ_JCL_002 *** BJ_JCL 終了  ***
BJ_JCL_006 ***** 開始時間   22年03月11日 : 14時13分45.77秒
BJ_JCL_006 ***** 終了時間   22年03月11日 : 14時13分46.37秒        [00:00:00.60]
