BJ_JCL_001 *** BJ_JCL 開始  ***:(JCL\DEF001.jcl)
BJ_JCL_007 00001:\BJ_JCL jcl\DEF001_SUB.jcl a abcde 123 987
BJ_JCL_004 STEP=000001----22年03月21日 : 14時57分10.92秒     開始
BJ_JCL_001 *** BJ_JCL 開始  ***:(jcl\DEF001_SUB.jcl)
'Test start'
BJ_JCL_007 00002:>P000
BJ_JCL_007 00007:>P001
a
abcde
123
987
BJ_JCL_007 00012:>P002
BJ_JCL_007 00017:>P003
x
wxyz
456
654
BJ_JCL_007 00022:>P004
'Test end'
BJ_JCL_007 00027:\QUCOMPLOG 0005:0019
BJ_JCL_004 STEP=000001----22年03月21日 : 14時57分13.43秒     開始
chk-line:000000005 - 000000019
OK!!!
BJ_JCL_005 ---------------22年03月21日 : 14時57分13.73秒 正常終了 [00:00:00.30]
BJ_JCL_002 *** BJ_JCL 終了  ***
BJ_JCL_006 ***** 開始時間   22年03月21日 : 14時57分13.17秒
BJ_JCL_006 ***** 終了時間   22年03月21日 : 14時57分13.76秒        [00:00:00.59]
BJ_JCL_005 ---------------22年03月21日 : 14時57分14.03秒 正常終了 [00:00:03.11]
BJ_JCL_002 *** BJ_JCL 終了  ***
BJ_JCL_006 ***** 開始時間   22年03月21日 : 14時57分10.73秒
BJ_JCL_006 ***** 終了時間   22年03月21日 : 14時57分14.05秒        [00:00:03.32]
