BJ_JCL_001 *** BJ_JCL 開始  ***:(jcl\DISPLAY_001.jcl)
'Test start'
BJ_JCL_007 00002:>P000
BJ_JCL_007 00007:>P001
'abcdef'
123
'abc' + 'efg'
'123   xyz'
BJ_JCL_007 00012:>P002
1a9
1110
BJ_JCL_007 00017:>P003
xyz 987
BJ_JCL_007 00019:>P004
'Test end'
BJ_JCL_007 00024:\QUCOMPLOG 0002:0015
BJ_JCL_004 STEP=000001----22年03月11日 : 14時13分48.82秒     開始
chk-line:000000002 - 000000015
OK!!!
BJ_JCL_005 ---------------22年03月11日 : 14時13分49.02秒 正常終了 [00:00:00.20]
BJ_JCL_002 *** BJ_JCL 終了  ***
BJ_JCL_006 ***** 開始時間   22年03月11日 : 14時13分48.40秒
BJ_JCL_006 ***** 終了時間   22年03月11日 : 14時13分49.05秒        [00:00:00.65]
