BJ_JCL_001 *** BJ_JCL 開始  ***:(jcl\JUMP_DCL_NE_001.jcl)
'Test start'
BJ_JCL_007 00002:>P000
BJ_JCL_007 00005:>P001
'P001'
BJ_JCL_007 00007:>P002
'P002'
BJ_JCL_007 00009:>P003
'P003'
BJ_JCL_007 00011:>P004
'P004'
'Test end'
BJ_JCL_007 00017:\QUCOMPLOG 0002:0010
BJ_JCL_004 STEP=000001----22年03月11日 : 14時14分39.33秒     開始
chk-line:000000002 - 000000010
OK!!!
BJ_JCL_005 ---------------22年03月11日 : 14時14分39.54秒 正常終了 [00:00:00.21]
BJ_JCL_002 *** BJ_JCL 終了  ***
BJ_JCL_006 ***** 開始時間   22年03月11日 : 14時14分38.96秒
BJ_JCL_006 ***** 終了時間   22年03月11日 : 14時14分39.57秒        [00:00:00.61]
