BJ_JCL_001 *** BJ_JCL 開始  ***:(jcl\PARAM001.jcl)
'Test start'
BJ_JCL_007 00003:>P000
BJ_JCL_007 00011:\PARAG01
BJ_JCL_004 STEP=000001----22年03月11日 : 14時15分08.87秒     開始
aaaaaaaa
bbbbbbbbbbbbbbbb
ffffffffff
123gfht
zzzzzzzzzzz
 
 
BJ_JCL_005 ---------------22年03月11日 : 14時15分09.01秒 正常終了 [00:00:00.14]
BJ_JCL_007 00012:>P-02
'Test end'
BJ_JCL_007 00017:\QUCOMPLOG 0006:0012
BJ_JCL_004 STEP=000002----22年03月11日 : 14時15分09.04秒     開始
chk-line:000000006 - 000000012
OK!!!
BJ_JCL_005 ---------------22年03月11日 : 14時15分09.18秒 正常終了 [00:00:00.14]
BJ_JCL_002 *** BJ_JCL 終了  ***
BJ_JCL_006 ***** 開始時間   22年03月11日 : 14時15分08.54秒
BJ_JCL_006 ***** 終了時間   22年03月11日 : 14時15分09.18秒        [00:00:00.64]
