BJ_JCL_001 *** BJ_JCL 開始  ***:(jcl\PARAF001.jcl)
'Test start'
BJ_JCL_007 00003:>P000
BJ_JCL_007 00011:\PARAG01
BJ_JCL_004 STEP=000001----22年03月11日 : 14時15分06.05秒     開始
aaaaaaaa
bbbbbbbbbbbbbbbb
ffffffffff
123gfht
zzzzzzzzzzz
 
 
BJ_JCL_005 ---------------22年03月11日 : 14時15分06.24秒 正常終了 [00:00:00.19]
BJ_JCL_007 00012:>P-02
'Test end'
BJ_JCL_007 00017:\QUCOMPLOG 0006:0012
BJ_JCL_004 STEP=000002----22年03月11日 : 14時15分06.25秒     開始
chk-line:000000006 - 000000012
OK!!!
BJ_JCL_005 ---------------22年03月11日 : 14時15分06.41秒 正常終了 [00:00:00.16]
BJ_JCL_002 *** BJ_JCL 終了  ***
BJ_JCL_006 ***** 開始時間   22年03月11日 : 14時15分05.77秒
BJ_JCL_006 ***** 終了時間   22年03月11日 : 14時15分06.41秒        [00:00:00.64]
