BJ_JCL_001 *** BJ_JCL 開始  ***:(jcl\PROG_JCL_001.jcl)
'Test start'
BJ_JCL_007 00002:>P001
BJ_JCL_007 00003:\BJ_JCL jcl\PROG_JCL_SUB01.jcl
BJ_JCL_004 STEP=000001----22年03月11日 : 14時20分48.70秒     開始
BJ_JCL_001 *** BJ_JCL 開始  ***:(jcl\PROG_JCL_SUB01.jcl)
'Test start'
BJ_JCL_007 00002:>P001
BJ_JCL_007 00003:\PROG001
BJ_JCL_004 STEP=000001----22年03月11日 : 14時20分50.78秒     開始
BJ_JCL_005 ---------------22年03月11日 : 14時20分50.86秒 正常終了 [00:00:00.08]
BJ_JCL_007 00005:>P002
BJ_JCL_007 00006:\PROG002
BJ_JCL_004 STEP=000002----22年03月11日 : 14時20分50.92秒     開始
BJ_JCL_005 ---------------22年03月11日 : 14時20分50.97秒 正常終了 [00:00:00.05]
BJ_JCL_007 00007:>P003
BJ_JCL_007 00008:\PROG003
BJ_JCL_004 STEP=000003----22年03月11日 : 14時20分50.99秒     開始
BJ_JCL_005 ---------------22年03月11日 : 14時20分51.02秒 正常終了 [00:00:00.03]
'Test end'
BJ_JCL_002 *** BJ_JCL 終了  ***
BJ_JCL_006 ***** 開始時間   22年03月11日 : 14時20分50.61秒
BJ_JCL_006 ***** 終了時間   22年03月11日 : 14時20分51.02秒        [00:00:00.41]
BJ_JCL_005 ---------------22年03月11日 : 14時20分51.33秒 正常終了 [00:00:02.63]
'Test end'
BJ_JCL_007 00008:\QUCOMPLOG 0002:0004 0006:0009
BJ_JCL_004 STEP=000002----22年03月11日 : 14時20分51.35秒     開始
chk-line:000000002 - 000000004
chk-line:000000006 - 000000009
OK!!!
BJ_JCL_005 ---------------22年03月11日 : 14時20分51.36秒 正常終了 [00:00:00.01]
BJ_JCL_002 *** BJ_JCL 終了  ***
BJ_JCL_006 ***** 開始時間   22年03月11日 : 14時20分48.67秒
BJ_JCL_006 ***** 終了時間   22年03月11日 : 14時20分51.38秒        [00:00:02.71]
