BJ_JCL_001 *** BJ_JCL 開始  ***:(jcl\SET_VARC_001.jcl)
'Test start'
BJ_JCL_007 00002:>P000
BJ_JCL_007 00008:>P001
abcdef
BJ_JCL_007 00011:>P002
opqrs
BJ_JCL_007 00014:>P003
111
BJ_JCL_007 00018:>P004
opqrsxyz
BJ_JCL_007 00021:>P005
'Test end'
BJ_JCL_007 00027:\QUCOMPLOG 0002:0013
BJ_JCL_004 STEP=000001----22年03月11日 : 14時21分57.70秒     開始
chk-line:000000002 - 000000013
OK!!!
BJ_JCL_005 ---------------22年03月11日 : 14時21分57.75秒 正常終了 [00:00:00.05]
BJ_JCL_002 *** BJ_JCL 終了  ***
BJ_JCL_006 ***** 開始時間   22年03月11日 : 14時21分57.62秒
BJ_JCL_006 ***** 終了時間   22年03月11日 : 14時21分57.76秒        [00:00:00.14]
