BJ_JCL_001 *** BJ_JCL 開始  ***:(jcl\STEP_PROG_001.jcl)
'Test start'
BJ_JCL_007 00002:>P001
BJ_JCL_007 00004:\EXEC(\STEP PROG001)
BJ_JCL_004 STEP=000001----22年03月11日 : 14時22分31.53秒     開始
BJ_JCL_005 ---------------22年03月11日 : 14時22分31.55秒 正常終了 [00:00:00.02]
BJ_JCL_007 00005:>P002
BJ_JCL_007 00007:\EXEC(\STEP PROG002)
BJ_JCL_004 STEP=000002----22年03月11日 : 14時22分31.55秒     開始
BJ_JCL_005 ---------------22年03月11日 : 14時22分31.55秒 正常終了 [00:00:00.00]
BJ_JCL_007 00008:>P003
BJ_JCL_007 00010:\EXEC(\STEP PROG003)
BJ_JCL_004 STEP=000003----22年03月11日 : 14時22分31.56秒     開始
BJ_JCL_005 ---------------22年03月11日 : 14時22分31.58秒 正常終了 [00:00:00.02]
'Test end'
BJ_JCL_007 00015:\QUCOMPLOG 0002:0004 0007:0008 0011:0012 0015:0015
BJ_JCL_004 STEP=000004----22年03月11日 : 14時22分31.60秒     開始
chk-line:000000002 - 000000004
chk-line:000000007 - 000000008
chk-line:000000011 - 000000012
chk-line:000000015 - 000000015
OK!!!
BJ_JCL_005 ---------------22年03月11日 : 14時22分31.67秒 正常終了 [00:00:00.07]
BJ_JCL_002 *** BJ_JCL 終了  ***
BJ_JCL_006 ***** 開始時間   22年03月11日 : 14時22分31.50秒
BJ_JCL_006 ***** 終了時間   22年03月11日 : 14時22分31.67秒        [00:00:00.17]
