BJ_JCL_001 *** BJ_JCL 開始  ***:(jcl\WHILE_DCL_001.jcl)
'Test start'
BJ_JCL_007 00002:>P000
1
2
3
4
BJ_JCL_007 00008:>P001
'P001'
BJ_JCL_007 00010:>P002
'P002'
BJ_JCL_007 00012:>P003
'P003'
BJ_JCL_007 00014:>P004
'P004'
'Test end'
BJ_JCL_007 00020:\QUCOMPLOG 0002:0016
BJ_JCL_004 STEP=000001----22年03月11日 : 14時16分25.74秒     開始
chk-line:000000002 - 000000016
OK!!!
BJ_JCL_005 ---------------22年03月11日 : 14時16分25.96秒 正常終了 [00:00:00.22]
BJ_JCL_002 *** BJ_JCL 終了  ***
BJ_JCL_006 ***** 開始時間   22年03月11日 : 14時16分25.32秒
BJ_JCL_006 ***** 終了時間   22年03月11日 : 14時16分26.01秒        [00:00:00.69]
