BJ_JCL_001 *** BJ_JCL 開始  ***:(jcl\CGET_IF_REL.jcl)
BJ_JCL_007 00006:\BJ_FLCNV
BJ_JCL_004 STEP=000001----22年03月25日 : 10時43分52.86秒     開始
BJ_FUTIL_001 FUTIL正常終了
BJ_JCL_005 ---------------22年03月25日 : 10時43分53.19秒 正常終了 [00:00:00.33]
BJ_JCL_007 00011:\QUCOMP
BJ_JCL_004 STEP=000002----22年03月25日 : 10時43分53.22秒     開始
Dump-out addr:0000000000000001 : 31323361616134352042373839626262
Dump-out addr:0000000000000011 : 30312043333435636363363720443930
Dump-out addr:0000000000000021 : 31646464323320453536376565653839
Dump-out addr:0000000000000031 : 20463132337A7A7A3435204737383979
Dump-out addr:0000000000000041 : 79793031204834353678787837382049
Dump-out addr:0000000000000051 : 3031327777773334204A363738707070
Dump-out addr:0000000000000061 : 3930204B323334676767353620202020
NG!! diff-cnt:0000000070000061 : 3930204B323334676767353620202020
BJ_JCL_005 ---------------22年03月25日 : 10時43分53.39秒 正常終了 [00:00:00.17]
BJ_JCL_007 00012:>end
BJ_JCL_002 *** BJ_JCL 終了  ***
BJ_JCL_006 ***** 開始時間   22年03月25日 : 10時43分52.61秒
BJ_JCL_006 ***** 終了時間   22年03月25日 : 10時43分53.39秒        [00:00:00.78]
