BJ_JCL_001 *** BJ_JCL 開始  ***:(jcl\IF_RECL_SEQ05.jcl)
BJ_JCL_007 00006:\BJ_FUTIL
BJ_JCL_004 STEP=000001----22年03月19日 : 15時15分47.78秒     開始
BJ_FUTIL_001 FUTIL正常終了
BJ_JCL_005 ---------------22年03月19日 : 15時15分48.16秒 正常終了 [00:00:00.38]
BJ_JCL_007 00007:\BJ_FUTIL
BJ_JCL_004 STEP=000002----22年03月19日 : 15時15分48.19秒     開始
BJ_FUTIL_001 FUTIL正常終了
BJ_JCL_005 ---------------22年03月19日 : 15時15分48.25秒 正常終了 [00:00:00.06]
BJ_JCL_007 00012:\QUCOMP
BJ_JCL_004 STEP=000003----22年03月19日 : 15時15分48.27秒     開始
File size unmatch!! size1:000000000000000110/ size2:314885530818453536
Dump-out addr:0000000000000001 : 3132336161613435364237383962626253536
Dump-out addr:0000000000000011 : 3031324333343563636336373844393053536
Dump-out addr:0000000000000021 : 3164646432333445353637656565383953536
Dump-out addr:0000000000000031 : 30463132337A7A7A343536473738397953536
Dump-out addr:0000000000000041 : 7979303132483435367878783738394953536
Dump-out addr:0000000000000051 : 3031327777773334354A36373870707053536
Dump-out addr:0000000000000061 : 3930314B32333467676735363700000053536
NG!! diff-cnt:0000000070000061 : 3930314B32333467676735363700000053536
BJ_JCL_005 ---------------22年03月19日 : 15時15分48.44秒 正常終了 [00:00:00.17]
BJ_JCL_007 00013:>end
BJ_JCL_002 *** BJ_JCL 終了  ***
BJ_JCL_006 ***** 開始時間   22年03月19日 : 15時15分47.49秒
BJ_JCL_006 ***** 終了時間   22年03月19日 : 15時15分48.44秒        [00:00:00.95]
