BJ_JCL_001 *** BJ_JCL 開始  ***:(jcl\OF_RECL_SEQ05.jcl)
BJ_JCL_007 00006:\BJ_FUTIL
BJ_JCL_004 STEP=000001----22年03月19日 : 15時11分30.51秒     開始
BJ_FUTIL_001 FUTIL正常終了
BJ_JCL_005 ---------------22年03月19日 : 15時11分30.87秒 正常終了 [00:00:00.36]
BJ_JCL_007 00011:\BJ_FUTIL
BJ_JCL_004 STEP=000002----22年03月19日 : 15時11分30.91秒     開始
BJ_FUTIL_001 FUTIL正常終了
BJ_JCL_005 ---------------22年03月19日 : 15時11分30.99秒 正常終了 [00:00:00.08]
BJ_JCL_007 00016:\QUCOMP
BJ_JCL_004 STEP=000003----22年03月19日 : 15時11分31.01秒     開始
File size unmatch!! size1:000000000000000055/ size2:314885530818453536
Dump-out addr:0000000000000001 : 3132336142373839624333343563443953536
Dump-out addr:0000000000000011 : 3031644535363765463132337A47373853536
Dump-out addr:0000000000000021 : 3979483435367849303132774A36373853536
Dump-out addr:0000000000000031 : 704B323334670000000000000000000053536
NG!! diff-cnt:0000000040000031 : 704B323334670000000000000000000053536
BJ_JCL_005 ---------------22年03月19日 : 15時11分31.20秒 正常終了 [00:00:00.19]
BJ_JCL_007 00017:>end
BJ_JCL_002 *** BJ_JCL 終了  ***
BJ_JCL_006 ***** 開始時間   22年03月19日 : 15時11分30.18秒
BJ_JCL_006 ***** 終了時間   22年03月19日 : 15時11分31.21秒        [00:00:01.03]
