100ZZ -00660  0486 -00000216 -00708.027 -00891.7969 -00932.0165
140SS  00269  0259 -00000388 -00321.241 -00846.2970 -00883.5177
060RR  00004  0477 -00000024 -00291.933 -00766.7926 -00356.9129
020MM -00849  0099  00000593 -00063.628 -00676.1222 -00839.1126
080EE  00871  0273  00000391 -00059.955 -00499.1196 -00727.8985
010AA -00525  0387  00000382 -00048.744 -00297.2269 -00746.6421
130SS -00306 -0504  00000541 -00043.186 -00770.0903 -00515.0059
170PP -00078  0670  00000043 -00033.365 -00326.7480 -00151.5903
120NN -00324  0541 -00000656 -00016.344 -00558.7571 -00850.4524
090UU  00515 -0732  00000723  00147.057  00135.1003  00900.8418
040AA  00193 -0752  00000511  00287.363 -00080.9424 -00634.8738
110LL -00963  0626  00000113  00319.066  00884.6141  00128.3114
030DD  00359  0126  00000905  00443.847  00408.6618  00199.2960
190VV  00005  0649  00000934  00509.238  00203.8365  00462.1282
150UU  00074  0209  00000623  00539.715  00340.7647  00382.7363
050NN -00435  0851  00000043  00621.596 -00002.6760 -00315.9365
200NN -00234  0706  00000175  00633.164  00511.3388  00185.0240
180EE -00444  0734  00000590  00684.536  00747.4859  00780.8101
070EE  00475  0570  00000501  00705.389  00179.5847  00402.1499
160XX -00492  0155  00000858  00757.743  00151.6121  00665.8087
