BJ_JCL_001 *** BJ_JCL Start ***:(jcl\FUTIL_ADD_001.jcl)
BJ_JCL_007 00005:\BJ_FUTIL
BJ_JCL_004 STEP=000001----------22/03/24 : 11:23:52.62          Start
BJ_FUTIL_004 FUTIL input file:data\INFILE\FSEQ_10
BJ_FUTIL_005 FUTIL input record count:0000000011
BJ_FUTIL_006 FUTIL output file:data\OUTFL\FUTIL_ADD_001
BJ_FUTIL_007 FUTIL output record count:0000000011
BJ_FUTIL_001 FUTIL normal finish.
BJ_JCL_005 ---------------------22/03/24 : 11:23:53.43   Normal End [00:00:00.81]
BJ_JCL_007 00010:\BJ_FUTIL ADD
BJ_JCL_004 STEP=000002----------22/03/24 : 11:23:53.54          Start
BJ_FUTIL_004 FUTIL input file:data\INFILE\FSEQ_10
BJ_FUTIL_005 FUTIL input record count:0000000011
BJ_FUTIL_006 FUTIL output file:data\OUTFL\FUTIL_ADD_001
BJ_FUTIL_007 FUTIL output record count:0000000011
BJ_FUTIL_001 FUTIL normal finish.
BJ_JCL_005 ---------------------22/03/24 : 11:23:53.72   Normal End [00:00:00.18]
BJ_JCL_007 00014:\QUCOMP
BJ_JCL_004 STEP=000003----------22/03/24 : 11:23:53.73          Start
OK!!!
BJ_JCL_005 ---------------------22/03/24 : 11:23:54.14   Normal End [00:00:00.41]
BJ_JCL_002 *** BJ_JCL End   ***
BJ_JCL_006 ***** Started at 22/03/24        : 11:23:52.06
BJ_JCL_006 ***** Ended   at 22/03/24        : 11:23:54.14           [00:00:02.08]
