BJ_JCL_001 *** BJ_JCL Start ***:(jcl\IF_IDX_001.jcl)
BJ_JCL_007 00005:\BJ_FLCNV
BJ_JCL_004 STEP=000001----------22/03/24 : 11:24:15.45          Start
BJ_FUTIL_004 FUTIL input file:data\INFILE\FIDX_10
BJ_FUTIL_005 FUTIL input record count:0000000011
BJ_FUTIL_006 FUTIL output file:data\OUTFL\IF_IDX_001I
BJ_FUTIL_007 FUTIL output record count:0000000011
BJ_FUTIL_001 FUTIL normal finish.
BJ_JCL_005 ---------------------22/03/24 : 11:24:16.18   Normal End [00:00:00.73]
BJ_JCL_007 00010:\BJ_FLCNV
BJ_JCL_004 STEP=000002----------22/03/24 : 11:24:16.28          Start
BJ_FUTIL_004 FUTIL input file:data\INFILE\FIDX_10
BJ_FUTIL_005 FUTIL input record count:0000000011
BJ_FUTIL_006 FUTIL output file:data\OUTFL\IF_IDX_001R
BJ_FUTIL_007 FUTIL output record count:0000000011
BJ_FUTIL_001 FUTIL normal finish.
BJ_JCL_005 ---------------------22/03/24 : 11:24:16.51   Normal End [00:00:00.23]
BJ_JCL_007 00015:\BJ_FLCNV
BJ_JCL_004 STEP=000003----------22/03/24 : 11:24:16.54          Start
BJ_FUTIL_004 FUTIL input file:data\INFILE\FIDX_10
BJ_FUTIL_005 FUTIL input record count:0000000011
BJ_FUTIL_006 FUTIL output file:data\OUTFL\IF_IDX_001S
BJ_FUTIL_007 FUTIL output record count:0000000011
BJ_FUTIL_001 FUTIL normal finish.
BJ_JCL_005 ---------------------22/03/24 : 11:24:16.75   Normal End [00:00:00.21]
BJ_JCL_007 00020:\BJ_FLCNV
BJ_JCL_004 STEP=000004----------22/03/24 : 11:24:16.76          Start
BJ_FUTIL_004 FUTIL input file:data\INFILE\FIDX_10
BJ_FUTIL_005 FUTIL input record count:0000000011
BJ_FUTIL_006 FUTIL output file:data\OUTFL\IF_IDX_001T
BJ_FUTIL_007 FUTIL output record count:0000000011
BJ_FUTIL_001 FUTIL normal finish.
BJ_JCL_005 ---------------------22/03/24 : 11:24:16.98   Normal End [00:00:00.22]
BJ_JCL_007 00026:\QU_FCOMP
BJ_JCL_004 STEP=000005----------22/03/24 : 11:24:17.01          Start
QU_FCOMP : OK!!
BJ_JCL_005 ---------------------22/03/24 : 11:24:17.65   Normal End [00:00:00.64]
BJ_JCL_007 00030:\QUCOMP
BJ_JCL_004 STEP=000006----------22/03/24 : 11:24:17.65          Start
OK!!!
BJ_JCL_005 ---------------------22/03/24 : 11:24:17.83   Normal End [00:00:00.18]
BJ_JCL_007 00034:\QUCOMP
BJ_JCL_004 STEP=000007----------22/03/24 : 11:24:17.83          Start
OK!!!
BJ_JCL_005 ---------------------22/03/24 : 11:24:17.87   Normal End [00:00:00.04]
BJ_JCL_007 00038:\QUCOMP
BJ_JCL_004 STEP=000008----------22/03/24 : 11:24:17.87          Start
OK!!!
BJ_JCL_005 ---------------------22/03/24 : 11:24:17.92   Normal End [00:00:00.05]
BJ_JCL_002 *** BJ_JCL End   ***
BJ_JCL_006 ***** Started at 22/03/24        : 11:24:14.78
BJ_JCL_006 ***** Ended   at 22/03/24        : 11:24:17.92           [00:00:03.14]
