BJ_JCL_001 *** BJ_JCL Start ***:(jcl\IF_REL_001.jcl)
BJ_JCL_007 00005:\BJ_FLCNV
BJ_JCL_004 STEP=000001----------22/03/24 : 11:24:23.84          Start
BJ_FUTIL_004 FUTIL input file:data\INFILE\FREL_10
BJ_FUTIL_005 FUTIL input record count:0000000011
BJ_FUTIL_006 FUTIL output file:data\OUTFL\IF_REL_001I
BJ_FUTIL_007 FUTIL output record count:0000000011
BJ_FUTIL_001 FUTIL normal finish.
BJ_JCL_005 ---------------------22/03/24 : 11:24:24.65   Normal End [00:00:00.81]
BJ_JCL_007 00010:\BJ_FLCNV
BJ_JCL_004 STEP=000002----------22/03/24 : 11:24:24.73          Start
BJ_FUTIL_004 FUTIL input file:data\INFILE\FREL_10
BJ_FUTIL_005 FUTIL input record count:0000000011
BJ_FUTIL_006 FUTIL output file:data\OUTFL\IF_REL_001R
BJ_FUTIL_007 FUTIL output record count:0000000011
BJ_FUTIL_001 FUTIL normal finish.
BJ_JCL_005 ---------------------22/03/24 : 11:24:24.92   Normal End [00:00:00.19]
BJ_JCL_007 00015:\BJ_FLCNV
BJ_JCL_004 STEP=000003----------22/03/24 : 11:24:24.93          Start
BJ_FUTIL_004 FUTIL input file:data\INFILE\FREL_10
BJ_FUTIL_005 FUTIL input record count:0000000011
BJ_FUTIL_006 FUTIL output file:data\OUTFL\IF_REL_001S
BJ_FUTIL_007 FUTIL output record count:0000000011
BJ_FUTIL_001 FUTIL normal finish.
BJ_JCL_005 ---------------------22/03/24 : 11:24:25.15   Normal End [00:00:00.22]
BJ_JCL_007 00020:\BJ_FLCNV
BJ_JCL_004 STEP=000004----------22/03/24 : 11:24:25.18          Start
BJ_FUTIL_004 FUTIL input file:data\INFILE\FREL_10
BJ_FUTIL_005 FUTIL input record count:0000000011
BJ_FUTIL_006 FUTIL output file:data\OUTFL\IF_REL_001T
BJ_FUTIL_007 FUTIL output record count:0000000011
BJ_FUTIL_001 FUTIL normal finish.
BJ_JCL_005 ---------------------22/03/24 : 11:24:25.37   Normal End [00:00:00.19]
BJ_JCL_007 00026:\QU_FCOMP
BJ_JCL_004 STEP=000005----------22/03/24 : 11:24:25.40          Start
ÉåÉRÅ[Éhì‡óeïsàÍívÅF
f1=A123aaa45 s
f2=A123aaa456s
QU_FCOMP : NG!!Í
BJ_JCL_005 ---------------------22/03/24 : 11:24:26.17   Normal End [00:00:00.77]
BJ_JCL_007 00030:\QUCOMP
BJ_JCL_004 STEP=000006----------22/03/24 : 11:24:26.17          Start
Dump-out addr:0000000000000001 : 31323361616134352042373839626262
Dump-out addr:0000000000000011 : 30312043333435636363363720443930
Dump-out addr:0000000000000021 : 31646464323320453536376565653839
Dump-out addr:0000000000000031 : 20463132337A7A7A3435204737383979
Dump-out addr:0000000000000041 : 79793031204834353678787837382049
Dump-out addr:0000000000000051 : 3031327777773334204A363738707070
Dump-out addr:0000000000000061 : 3930204B323334676767353620202020
NG!! diff-cnt:0000000070000061 : 3930204B323334676767353620202020
BJ_JCL_005 ---------------------22/03/24 : 11:24:26.39   Normal End [00:00:00.22]
BJ_JCL_007 00034:\QUCOMP
BJ_JCL_004 STEP=000007----------22/03/24 : 11:24:26.40          Start
Dump-out addr:0000000000000001 : 31323361616134352042373839626262
Dump-out addr:0000000000000011 : 30312043333435636363363720443930
Dump-out addr:0000000000000021 : 31646464323320453536376565653839
Dump-out addr:0000000000000031 : 20463132337A7A7A3435204737383979
Dump-out addr:0000000000000041 : 79793031204834353678787837382049
Dump-out addr:0000000000000051 : 3031327777773334204A363738707070
Dump-out addr:0000000000000061 : 3930204B323334676767353620202020
NG!! diff-cnt:0000000070000061 : 3930204B323334676767353620202020
BJ_JCL_005 ---------------------22/03/24 : 11:24:26.50   Normal End [00:00:00.10]
BJ_JCL_007 00038:\QUCOMP
BJ_JCL_004 STEP=000008----------22/03/24 : 11:24:26.50          Start
File size unmatch!! size1:000000000000000121/ size2:000000000000000132
Dump-out addr:0000000000000001 : 31323361616134350D0A42373839626200132
Dump-out addr:0000000000000011 : 6230310D0A4333343563636336370D0A00132
Dump-out addr:0000000000000021 : 4439303164646432330D0A453536376500132
Dump-out addr:0000000000000031 : 656538390D0A463132337A7A7A34350D00132
Dump-out addr:0000000000000041 : 0A4737383979797930310D0A4834353600132
Dump-out addr:0000000000000051 : 78787837380D0A49303132777777333400132
Dump-out addr:0000000000000061 : 0D0A4A36373870707039300D0A4B323300132
Dump-out addr:0000000000000071 : 3467676735360D0A202020202020202000132
NG!! diff-cnt:0000000080000071 : 3467676735360D0A202020202020202000132
BJ_JCL_005 ---------------------22/03/24 : 11:24:26.62   Normal End [00:00:00.12]
BJ_JCL_002 *** BJ_JCL End   ***
BJ_JCL_006 ***** Started at 22/03/24        : 11:24:23.26
BJ_JCL_006 ***** Ended   at 22/03/24        : 11:24:26.62           [00:00:03.36]
