BJ_JCL_001 *** BJ_JCL 開始  ***:(jcl\IF_SEQ_001.jcl)
BJ_JCL_007 00005:\BJ_FUTIL
BJ_JCL_004 STEP=000001----22年03月17日 : 10時08分56.86秒     開始
BJ_FUTIL_004 FUTIL入力ファイル：data\INFILE\FSEQ_10
BJ_FUTIL_005 FUTIL入力件数： 0000000011
BJ_FUTIL_006 FUTIL出力ファイル：data\OUTFL\IF_SEQ_001I
BJ_FUTIL_007 FUTIL出力件数： 0000000011
BJ_FUTIL_001 FUTIL正常終了
BJ_JCL_005 ---------------22年03月17日 : 10時08分57.36秒 正常終了 [00:00:00.50]
BJ_JCL_007 00010:\BJ_FUTIL
BJ_JCL_004 STEP=000002----22年03月17日 : 10時08分57.41秒     開始
BJ_FUTIL_004 FUTIL入力ファイル：data\INFILE\FSEQ_10
BJ_FUTIL_005 FUTIL入力件数： 0000000011
BJ_FUTIL_006 FUTIL出力ファイル：data\OUTFL\IF_SEQ_001R
BJ_FUTIL_007 FUTIL出力件数： 0000000011
BJ_FUTIL_001 FUTIL正常終了
BJ_JCL_005 ---------------22年03月17日 : 10時08分57.51秒 正常終了 [00:00:00.10]
BJ_JCL_007 00015:\BJ_FUTIL
BJ_JCL_004 STEP=000003----22年03月17日 : 10時08分57.53秒     開始
BJ_FUTIL_004 FUTIL入力ファイル：data\INFILE\FSEQ_10
BJ_FUTIL_005 FUTIL入力件数： 0000000011
BJ_FUTIL_006 FUTIL出力ファイル：data\OUTFL\IF_SEQ_001S
BJ_FUTIL_007 FUTIL出力件数： 0000000011
BJ_FUTIL_001 FUTIL正常終了
BJ_JCL_005 ---------------22年03月17日 : 10時08分57.59秒 正常終了 [00:00:00.06]
BJ_JCL_007 00020:\BJ_FUTIL
BJ_JCL_004 STEP=000004----22年03月17日 : 10時08分57.61秒     開始
BJ_FUTIL_004 FUTIL入力ファイル：data\INFILE\FSEQ_10
BJ_FUTIL_005 FUTIL入力件数： 0000000011
BJ_FUTIL_006 FUTIL出力ファイル：data\OUTFL\IF_SEQ_001T
BJ_FUTIL_007 FUTIL出力件数： 0000000011
BJ_FUTIL_001 FUTIL正常終了
BJ_JCL_005 ---------------22年03月17日 : 10時08分57.67秒 正常終了 [00:00:00.06]
BJ_JCL_007 00027:\QU_FCOMP
BJ_JCL_004 STEP=000005----22年03月17日 : 10時08分57.69秒     開始
QU_FCOMP : OK!!
BJ_JCL_005 ---------------22年03月17日 : 10時08分57.84秒 正常終了 [00:00:00.15]
BJ_JCL_007 00031:\QUCOMP
BJ_JCL_004 STEP=000006----22年03月17日 : 10時08分57.84秒     開始
OK!!!
BJ_JCL_005 ---------------22年03月17日 : 10時08分57.92秒 正常終了 [00:00:00.08]
BJ_JCL_007 00035:\QUCOMP
BJ_JCL_004 STEP=000007----22年03月17日 : 10時08分57.92秒     開始
OK!!!
BJ_JCL_005 ---------------22年03月17日 : 10時08分57.94秒 正常終了 [00:00:00.02]
BJ_JCL_007 00039:\QUCOMP
BJ_JCL_004 STEP=000008----22年03月17日 : 10時08分57.95秒     開始
OK!!!
BJ_JCL_005 ---------------22年03月17日 : 10時08分57.97秒 正常終了 [00:00:00.02]
BJ_JCL_007 00040:>end
BJ_JCL_002 *** BJ_JCL 終了  ***
BJ_JCL_006 ***** 開始時間   22年03月17日 : 10時08分56.59秒
BJ_JCL_006 ***** 終了時間   22年03月17日 : 10時08分57.97秒        [00:00:01.38]
