BJ_JCL_001 *** BJ_JCL 開始  ***:(jcl\IF_TXT_001.jcl)
BJ_JCL_007 00005:\BJ_FLCNV
BJ_JCL_004 STEP=000001----22年03月17日 : 10時09分00.54秒     開始
BJ_FUTIL_004 FUTIL入力ファイル：data\INFILE\FTXT_10
BJ_FUTIL_005 FUTIL入力件数： 0000000011
BJ_FUTIL_006 FUTIL出力ファイル：data\OUTFL\IF_TXT_001I
BJ_FUTIL_007 FUTIL出力件数： 0000000011
BJ_FUTIL_001 FUTIL正常終了
BJ_JCL_005 ---------------22年03月17日 : 10時09分01.00秒 正常終了 [00:00:00.46]
BJ_JCL_007 00010:\BJ_FLCNV
BJ_JCL_004 STEP=000002----22年03月17日 : 10時09分01.04秒     開始
BJ_FUTIL_004 FUTIL入力ファイル：data\INFILE\FTXT_10
BJ_FUTIL_005 FUTIL入力件数： 0000000011
BJ_FUTIL_006 FUTIL出力ファイル：data\OUTFL\IF_TXT_001R
BJ_FUTIL_007 FUTIL出力件数： 0000000011
BJ_FUTIL_001 FUTIL正常終了
BJ_JCL_005 ---------------22年03月17日 : 10時09分01.25秒 正常終了 [00:00:00.21]
BJ_JCL_007 00015:\BJ_FLCNV
BJ_JCL_004 STEP=000003----22年03月17日 : 10時09分01.28秒     開始
BJ_FUTIL_004 FUTIL入力ファイル：data\INFILE\FTXT_10
BJ_FUTIL_005 FUTIL入力件数： 0000000011
BJ_FUTIL_006 FUTIL出力ファイル：data\OUTFL\IF_TXT_001S
BJ_FUTIL_007 FUTIL出力件数： 0000000011
BJ_FUTIL_001 FUTIL正常終了
BJ_JCL_005 ---------------22年03月17日 : 10時09分01.37秒 正常終了 [00:00:00.09]
BJ_JCL_007 00020:\BJ_FLCNV
BJ_JCL_004 STEP=000004----22年03月17日 : 10時09分01.39秒     開始
BJ_FUTIL_004 FUTIL入力ファイル：data\INFILE\FTXT_10
BJ_FUTIL_005 FUTIL入力件数： 0000000011
BJ_FUTIL_006 FUTIL出力ファイル：data\OUTFL\IF_TXT_001T
BJ_FUTIL_007 FUTIL出力件数： 0000000011
BJ_FUTIL_001 FUTIL正常終了
BJ_JCL_005 ---------------22年03月17日 : 10時09分01.44秒 正常終了 [00:00:00.05]
BJ_JCL_007 00026:\QU_FCOMP
BJ_JCL_004 STEP=000005----22年03月17日 : 10時09分01.45秒     開始
QU_FCOMP : OK!!
BJ_JCL_005 ---------------22年03月17日 : 10時09分01.59秒 正常終了 [00:00:00.14]
BJ_JCL_007 00030:\QUCOMP
BJ_JCL_004 STEP=000006----22年03月17日 : 10時09分01.59秒     開始
OK!!!
BJ_JCL_005 ---------------22年03月17日 : 10時09分01.64秒 正常終了 [00:00:00.05]
BJ_JCL_007 00034:\QUCOMP
BJ_JCL_004 STEP=000007----22年03月17日 : 10時09分01.64秒     開始
OK!!!
BJ_JCL_005 ---------------22年03月17日 : 10時09分01.65秒 正常終了 [00:00:00.01]
BJ_JCL_007 00038:\QUCOMP
BJ_JCL_004 STEP=000008----22年03月17日 : 10時09分01.67秒     開始
OK!!!
BJ_JCL_005 ---------------22年03月17日 : 10時09分01.67秒 正常終了 [00:00:00.00]
BJ_JCL_002 *** BJ_JCL 終了  ***
BJ_JCL_006 ***** 開始時間   22年03月17日 : 10時09分00.22秒
BJ_JCL_006 ***** 終了時間   22年03月17日 : 10時09分01.69秒        [00:00:01.47]
