BJ_JCL_001 *** BJ_JCL 開始  ***:(jcl\CALL_ARG_003.jcl)
'Test start'
BJ_JCL_007 00002:>P001
BJ_JCL_007 00006:\CALL ARG002  ?VAR_1 ?VAR_2 ?VAR_3
BJ_JCL_004 STEP=000001----22年03月11日 : 13時57分46.25秒     開始
000000000000000123
000000000000000567
000000000000000000
---p1+p2=------
000000000000000690
BJ_JCL_005 ---------------22年03月11日 : 13時57分46.27秒 正常終了 [00:00:00.02]
'Test end'
BJ_JCL_007 00011:\QUCOMPLOG 0006:0010
BJ_JCL_004 STEP=000002----22年03月11日 : 13時57分46.27秒     開始
chk-line:000000006 - 000000010
OK!!!
BJ_JCL_005 ---------------22年03月11日 : 13時57分46.30秒 正常終了 [00:00:00.03]
BJ_JCL_002 *** BJ_JCL 終了  ***
BJ_JCL_006 ***** 開始時間   22年03月11日 : 13時57分46.22秒
BJ_JCL_006 ***** 終了時間   22年03月11日 : 13時57分46.35秒        [00:00:00.13]
