BJ_JCL_001 *** BJ_JCL 開始  ***:(jcl\DEF001.jcl)
BJ_JCL_007 00001:\BJ_JCL jcl\DEF001_SUB.jcl a abcde 123 987
BJ_JCL_004 STEP=000001----22年03月10日 : 14時50分40.84秒     開始
BJ_JCL_001 *** BJ_JCL 開始  ***:(jcl\DEF001_SUB.jcl)
'Test start'
BJ_JCL_007 00002:>P000
BJ_JCL_007 00007:>P001
a
abcde
123
987
BJ_JCL_007 00012:>P002
BJ_JCL_007 00017:>P003
x
wxyz
456
654
BJ_JCL_007 00022:>P004
'Test end'
BJ_JCL_007 00027:\QUCOMPLOG 0005:0019
BJ_JCL_004 STEP=000001----22年03月10日 : 14時50分43.61秒     開始
BJ_JCL_005 ---------------22年03月10日 : 14時50分43.66秒  605終了 [00:00:00.05]
BJ_JCL_002 *** AJ_JCL 終了  ***
BJ_JCL_006 ***** 開始時間   22年03月10日 : 14時50分43.28秒
BJ_JCL_006 ***** 終了時間   22年03月10日 : 14時50分43.70秒        [00:00:00.42]
BJ_JCL_005 ---------------22年03月10日 : 14時50分45.98秒 異常終了 [00:00:05.14]
BJ_JCL_002 *** AJ_JCL 終了  ***
BJ_JCL_006 ***** 開始時間   22年03月10日 : 14時50分40.55秒
BJ_JCL_006 ***** 終了時間   22年03月10日 : 14時50分45.98秒        [00:00:05.43]
