BJ_JCL_001 *** BJ_JCL 開始  ***:(jcl\DISPLAY_001.jcl)
'Test start'
BJ_JCL_007 00002:>P000
BJ_JCL_007 00007:>P001
'abcdef'
123
'abc' + 'efg'
'123   xyz'
BJ_JCL_007 00012:>P002
1a9
1110
BJ_JCL_007 00017:>P003
xyz 987
BJ_JCL_007 00019:>P004
'Test end'
BJ_JCL_007 00024:\QUCOMPLOG 0002:0015
BJ_JCL_004 STEP=000001----22年03月10日 : 15時02分16.66秒     開始
OK!!!
BJ_JCL_005 ---------------22年03月10日 : 15時02分16.96秒 正常終了 [00:00:00.30]
BJ_JCL_002 *** AJ_JCL 終了  ***
BJ_JCL_006 ***** 開始時間   22年03月10日 : 15時02分16.19秒
BJ_JCL_006 ***** 終了時間   22年03月10日 : 15時02分17.01秒        [00:00:00.82]
