BJ_JCL_001 *** BJ_JCL 開始  ***:(jcl\PAR001.jcl)
BJ_JCL_007 00001:\BJ_JCL jcl\PAR001_SUB.jcl a abcde 123 987
BJ_JCL_004 STEP=000001----22年03月11日 : 11時55分26.36秒     開始
BJ_JCL_001 *** BJ_JCL 開始  ***:(jcl\PAR001_SUB.jcl)
'Test start'
BJ_JCL_007 00002:>P000
BJ_JCL_007 00007:>P001
a
abcde
123
987
BJ_JCL_007 00012:>P002
BJ_JCL_007 00017:>P003
x
wxyz
456
654
BJ_JCL_007 00022:>P004
'Test end'
BJ_JCL_007 00027:\QUCOMPLOG 0005:0019
BJ_JCL_004 STEP=000001----22年03月11日 : 11時55分28.99秒     開始
BJ_JCL_005 ---------------22年03月11日 : 11時55分29.05秒  605終了 [00:00:00.06]
BJ_JCL_002 *** AJ_JCL 終了  ***
BJ_JCL_006 ***** 開始時間   22年03月11日 : 11時55分28.63秒
BJ_JCL_006 ***** 終了時間   22年03月11日 : 11時55分29.10秒        [00:00:00.47]
BJ_JCL_005 ---------------22年03月11日 : 11時55分31.43秒 異常終了 [00:00:05.07]
BJ_JCL_002 *** AJ_JCL 終了  ***
BJ_JCL_006 ***** 開始時間   22年03月11日 : 11時55分26.35秒
BJ_JCL_006 ***** 終了時間   22年03月11日 : 11時55分31.43秒        [00:00:05.08]
