BJ_JCL_001 *** BJ_JCL 開始  ***:(jcl\PROG_USER_001.jcl)
'Test start'
BJ_JCL_007 00002:>P001
BJ_JCL_007 00003:\PROG001
BJ_JCL_004 STEP=000001----22年03月11日 : 14時21分08.12秒     開始
BJ_JCL_005 ---------------22年03月11日 : 14時21分08.17秒 正常終了 [00:00:00.05]
BJ_JCL_007 00005:>P002
BJ_JCL_007 00006:\PROG002
BJ_JCL_004 STEP=000002----22年03月11日 : 14時21分08.18秒     開始
BJ_JCL_005 ---------------22年03月11日 : 14時21分08.23秒 正常終了 [00:00:00.05]
BJ_JCL_007 00007:>P003
BJ_JCL_007 00008:\PROG003
BJ_JCL_004 STEP=000003----22年03月11日 : 14時21分08.23秒     開始
BJ_JCL_005 ---------------22年03月11日 : 14時21分08.29秒 正常終了 [00:00:00.06]
'Test end'
BJ_JCL_007 00013:\QUCOMPLOG 0002:0004 0007:0008 0011:0012 0015:0015
BJ_JCL_004 STEP=000004----22年03月11日 : 14時21分08.32秒     開始
chk-line:000000002 - 000000004
chk-line:000000007 - 000000008
chk-line:000000011 - 000000012
chk-line:000000015 - 000000015
OK!!!
BJ_JCL_005 ---------------22年03月11日 : 14時21分08.37秒 正常終了 [00:00:00.05]
BJ_JCL_002 *** BJ_JCL 終了  ***
BJ_JCL_006 ***** 開始時間   22年03月11日 : 14時21分08.09秒
BJ_JCL_006 ***** 終了時間   22年03月11日 : 14時21分08.39秒        [00:00:00.30]
