BJ_JCL_001 *** BJ_JCL 開始  ***:(jcl\SET_CFG_001.jcl)
'Test start'
BJ_JCL_007 00002:>P000
BJ_JCL_007 00007:>P001
abcdef
BJ_JCL_007 00010:>P002
opqrs
BJ_JCL_007 00013:>P003
cbagfd
BJ_JCL_007 00016:>P004
 
BJ_JCL_007 00019:>P005
 
BJ_JCL_007 00022:>P006
123
BJ_JCL_007 00026:>P007
'Test end'
BJ_JCL_007 00032:\QUCOMPLOG 0002:0017
BJ_JCL_004 STEP=000001----22年03月11日 : 14時21分27.95秒     開始
chk-line:000000002 - 000000017
OK!!!
BJ_JCL_005 ---------------22年03月11日 : 14時21分27.98秒 正常終了 [00:00:00.03]
BJ_JCL_002 *** BJ_JCL 終了  ***
BJ_JCL_006 ***** 開始時間   22年03月11日 : 14時21分27.75秒
BJ_JCL_006 ***** 終了時間   22年03月11日 : 14時21分27.98秒        [00:00:00.23]
