BJ_JCL_001 *** BJ_JCL 開始  ***:(jcl\ISS_KEY1_OUTF2_001.jcl)
BJ_JCL_007 00010:\BJ_SORT
BJ_JCL_004 STEP=000001----22年03月16日 : 10時06分07.23秒     開始
issort Command statement error
BJ_FUTIL_002 FUTIL異常終了
BJ_JCL_005 ---------------22年03月16日 : 10時06分08.46秒 正常終了 [00:00:01.23]
BJ_JCL_007 00015:\PR_FSEQ_40
BJ_JCL_004 STEP=000002----22年03月16日 : 10時06分08.51秒     開始
BJ_JCL_005 ---------------22年03月16日 : 10時06分08.55秒 正常終了 [00:00:00.04]
BJ_JCL_007 00018:\QUCOMP
BJ_JCL_004 STEP=000003----22年03月16日 : 10時06分08.55秒     開始
File size unmatch!! size1:314885530818453536/ size2:000000000000000800
Dump-out addr:0000000000000001 : 2020202020202020202020202020202000800
Dump-out addr:0000000000000011 : 2020202020202020202020202020202000800
Dump-out addr:0000000000000021 : 2020202020202020202020202020202000800
Dump-out addr:0000000000000031 : 2020202020202020202020202020202000800
Dump-out addr:0000000000000041 : 2020202020202020202020202020202000800
Dump-out addr:0000000000000051 : 2020202020202020202020202020202000800
Dump-out addr:0000000000000061 : 2020202020202020202020202020202000800
Dump-out addr:0000000000000071 : 2020202020202020202020202020202000800
Dump-out addr:0000000000000081 : 2020202020202020202020202020202000800
Dump-out addr:0000000000000091 : 2020202020202020202020202020202000800
Dump-out addr:00000000000000A1 : 2020202020202020202020202020202000800
Dump-out addr:00000000000000B1 : 2020202020202020202020202020202000800
Dump-out addr:00000000000000C1 : 2020202020202020202020202020202000800
Dump-out addr:00000000000000D1 : 2020202020202020202020202020202000800
Dump-out addr:00000000000000E1 : 2020202020202020202020202020202000800
Dump-out addr:00000000000000F1 : 2020202020202020202020202020202000800
Dump-out addr:0000000000000101 : 2020202020202020202020202020202000800
Dump-out addr:0000000000000111 : 2020202020202020202020202020202000800
Dump-out addr:0000000000000121 : 2020202020202020202020202020202000800
Dump-out addr:0000000000000131 : 2020202020202020202020202020202000800
Dump-out addr:0000000000000141 : 2020202020202020202020202020202000800
Dump-out addr:0000000000000151 : 2020202020202020202020202020202000800
Dump-out addr:0000000000000161 : 2020202020202020202020202020202000800
Dump-out addr:0000000000000171 : 2020202020202020202020202020202000800
Dump-out addr:0000000000000181 : 2020202020202020202020202020202000800
Dump-out addr:0000000000000191 : 2020202020202020202020202020202000800
Dump-out addr:00000000000001A1 : 2020202020202020202020202020202000800
Dump-out addr:00000000000001B1 : 2020202020202020202020202020202000800
Dump-out addr:00000000000001C1 : 2020202020202020202020202020202000800
Dump-out addr:00000000000001D1 : 2020202020202020202020202020202000800
Dump-out addr:00000000000001E1 : 2020202020202020202020202020202000800
Dump-out addr:00000000000001F1 : 2020202020202020202020202020202000800
Dump-out addr:0000000000000201 : 2020202020202020202020202020202000800
Dump-out addr:0000000000000211 : 2020202020202020202020202020202000800
Dump-out addr:0000000000000221 : 2020202020202020202020202020202000800
Dump-out addr:0000000000000231 : 2020202020202020202020202020202000800
Dump-out addr:0000000000000241 : 2020202020202020202020202020202000800
Dump-out addr:0000000000000251 : 2020202020202020202020202020202000800
Dump-out addr:0000000000000261 : 2020202020202020202020202020202000800
Dump-out addr:0000000000000271 : 2020202020202020202020202020202000800
Dump-out addr:0000000000000281 : 2020202020202020202020202020202000800
Dump-out addr:0000000000000291 : 2020202020202020202020202020202000800
Dump-out addr:00000000000002A1 : 2020202020202020202020202020202000800
Dump-out addr:00000000000002B1 : 2020202020202020202020202020202000800
Dump-out addr:00000000000002C1 : 2020202020202020202020202020202000800
Dump-out addr:00000000000002D1 : 2020202020202020202020202020202000800
Dump-out addr:00000000000002E1 : 2020202020202020202020202020202000800
Dump-out addr:00000000000002F1 : 2020202020202020202020202020202000800
Dump-out addr:0000000000000301 : 2020202020202020202020202020202000800
Dump-out addr:0000000000000311 : 2020202020202020202020202020202000800
diff-cnt:000000050000000000311 : 2020202020202020202020202020202000800
BJ_JCL_005 ---------------22年03月16日 : 10時06分08.87秒 正常終了 [00:00:00.32]
BJ_JCL_007 00023:\PR_FSEQ_40
BJ_JCL_004 STEP=000004----22年03月16日 : 10時06分08.88秒     開始
BJ_JCL_005 ---------------22年03月16日 : 10時06分08.88秒 正常終了 [00:00:00.00]
BJ_JCL_007 00026:\QUCOMP
BJ_JCL_004 STEP=000005----22年03月16日 : 10時06分08.88秒     開始
File size unmatch!! size1:314885530818453536/ size2:000000000000000120
Dump-out addr:0000000000000001 : 2020202020202020202020202020202000120
Dump-out addr:0000000000000011 : 2020202020202020202020202020202000120
Dump-out addr:0000000000000021 : 2020202020202020202020202020202000120
Dump-out addr:0000000000000031 : 2020202020202020202020202020202000120
Dump-out addr:0000000000000041 : 2020202020202020202020202020202000120
Dump-out addr:0000000000000051 : 2020202020202020202020202020202000120
Dump-out addr:0000000000000061 : 2020202020202020202020202020202000120
Dump-out addr:0000000000000071 : 2020202020202020202020202020202000120
diff-cnt:000000008000000000071 : 2020202020202020202020202020202000120
BJ_JCL_005 ---------------22年03月16日 : 10時06分08.91秒 正常終了 [00:00:00.03]
BJ_JCL_002 *** BJ_JCL 終了  ***
BJ_JCL_006 ***** 開始時間   22年03月16日 : 10時06分06.91秒
BJ_JCL_006 ***** 終了時間   22年03月16日 : 10時06分08.93秒        [00:00:02.02]
