AJ_JCL_001 *** AJ_JCL 開始  ***:(jcl\BAT_PRG_001.jcl)
AJ_JCL_007 00001:>P001
AJ_JCL_007 00002:\PRG001
AJ_JCL_004 STEP=000001----21年12月09日 : 15時18分05.26秒     開始
abc
123
def
456
AJ_JCL_005 ---------------21年12月09日 : 15時18分07.15秒 正常終了 [00:00:01.89]
AJ_JCL_007 00003:>P002
AJ_JCL_007 00004:\PRG002
AJ_JCL_004 STEP=000002----21年12月09日 : 15時18分07.20秒     開始
abc
123
def
456
AJ_JCL_005 ---------------21年12月09日 : 15時18分07.25秒 正常終了 [00:00:00.05]
AJ_JCL_007 00005:>P003
AJ_JCL_007 00009:\QUCOMPLOG 0002:0015
AJ_JCL_004 STEP=000003----21年12月09日 : 15時18分07.25秒     開始
AJ_JCL_005 ---------------21年12月09日 : 15時18分07.36秒  605終了 [00:00:00.11]
AJ_JCL_002 *** AJ_JCL 終了  ***
AJ_JCL_006 ***** 開始時間   21年12月09日 : 15時18分05.15秒
AJ_JCL_006 ***** 終了時間   21年12月09日 : 15時18分07.36秒        [00:00:02.21]
