BJ_JCL_001 *** BJ_JCL 開始  ***:(jcl\BAT_PRG_001.jcl)
BJ_JCL_007 00001:>P001
BJ_JCL_007 00002:\PRG001
BJ_JCL_004 STEP=000001----22年03月16日 : 11時19分44.03秒     開始
abc
123
def
456
BJ_JCL_005 ---------------22年03月16日 : 11時19分45.09秒 正常終了 [00:00:01.06]
BJ_JCL_007 00003:>P002
BJ_JCL_007 00004:\PRG002
BJ_JCL_004 STEP=000002----22年03月16日 : 11時19分45.14秒     開始
abc
123
def
456
BJ_JCL_005 ---------------22年03月16日 : 11時19分45.33秒 正常終了 [00:00:00.19]
BJ_JCL_007 00005:>P003
BJ_JCL_007 00009:\QUCOMPLOG 0005:0008 0013:0016
BJ_JCL_004 STEP=000003----22年03月16日 : 11時19分45.34秒     開始
BJ_JCL_005 ---------------22年03月16日 : 11時19分45.37秒  605終了 [00:00:00.03]
BJ_JCL_002 *** BJ_JCL 終了  ***
BJ_JCL_006 ***** 開始時間   22年03月16日 : 11時19分43.93秒
BJ_JCL_006 ***** 終了時間   22年03月16日 : 11時19分45.39秒        [00:00:01.46]
